<?xml version="1.0" encoding="utf-8"?><testsuites><testsuite name="pytest" errors="0" failures="1" skipped="0" tests="2" time="0.031" timestamp="2024-02-28T13:38:00.852918" hostname="IPTVs-Mini-3"><testcase classname="demo_tests" name="test_wifi_C155889" time="0.000" /><testcase classname="demo_tests" name="test_restart_hub_C155888" time="0.000"><failure message="assert (0.8 + 0.3) == 1.2">def test_restart_hub_C155888():
&gt;       assert 0.8 + 0.3 == 1.2
E       assert (0.8 + 0.3) == 1.2

demo_tests.py:7: AssertionError</failure></testcase></testsuite></testsuites>